2019-04-22 16:17:08: lt

Inspiry login: [    8.046978] open gpio devices
[    8.072051] open gpio devices
[    9.039942] EC20 4G Module poweron!
2019-04-22 16:15:52: 

Login incorrect

Inspiry login: 
2019-04-22 15:53:02: 

Inspiry login: 
2019-04-15 17:35:36: 

Inspiry login: 
2019-04-15 17:35:11: 

Login incorrect

Inspiry login: 
2019-04-15 17:35:11: 

Login incorrect

Inspiry login: 
2019-04-15 17:35:06: Ins2018pos

Password: 
2019-04-15 17:34:56: 

Inspiry login: 
2019-04-15 17:34:46: 
2019-04-15 17:34:46: 串口连接失败，请检查串口在系统中是否可识别
2019-04-15 17:34:46: begin failed
2019-04-15 17:34:46: 
2019-04-15 17:34:46: 串口连接失败，请检查串口在系统中是否可识别
